Criterion:Wilcoxon_exact
5;8;
Size=41
1. 15  0.000777001
2. 16  0.001554
3. 17  0.003108
4. 18  0.00543901
5. 19  0.00932401
6. 20  0.014763
7. 21  0.022533
8. 22  0.032634
9. 23  0.04662
10. 24  0.0637141
11. 25  0.0854701
12. 26  0.111111
13. 27  0.142191
14. 28  0.177156
15. 29  0.21756
16. 30  0.261849
17. 31  0.3108
18. 32  0.362082
19. 33  0.416472
20. 34  0.471639
21. 35  0.528361
22. 36  0.583528
23. 37  0.637918
24. 38  0.6892
25. 39  0.738151
26. 40  0.78244
27. 41  0.822844
28. 42  0.857809
29. 43  0.888889
30. 44  0.91453
31. 45  0.936286
32. 46  0.95338
33. 47  0.967366
34. 48  0.977467
35. 49  0.985237
36. 50  0.990676
37. 51  0.994561
38. 52  0.996892
39. 53  0.998446
40. 54  0.999223
41. 55  1

