Criterion:WilcSigne_exact
7;7;
Size=29
1. 0  0.00781250000000000000
2. 1  0.01562500000000000000
3. 2  0.02343750000000000000
4. 3  0.03906250000000000000
5. 4  0.05468750000000000000
6. 5  0.07812500000000000000
7. 6  0.10937500000000000000
8. 7  0.14843750000000000000
9. 8  0.18750000000000000000
10. 9  0.23437500000000000000
11. 10  0.28906250000000000000
12. 11  0.34375000000000000000
13. 12  0.40625000000000000000
14. 13  0.46875000000000000000
15. 14  0.53125000000000000000
16. 15  0.59375000000000000000
17. 16  0.65625000000000000000
18. 17  0.71093750000000000000
19. 18  0.76562500000000000000
20. 19  0.81250000000000000000
21. 20  0.85156250000000000000
22. 21  0.89062500000000000000
23. 22  0.92187500000000000000
24. 23  0.94531250000000000000
25. 24  0.96093750000000000000
26. 25  0.97656250000000000000
27. 26  0.98437500000000000000
28. 27  0.99218750000000000000
29. 28  1.00000000000000000000

