Criterion:Wilcoxon_AS62
9;14;
Size=127
1. 45  1.22371e-06
2. 46  2.44741e-06
3. 47  4.89482e-06
4. 48  8.56594e-06
5. 49  1.46845e-05
6. 50  2.32504e-05
7. 51  3.67112e-05
8. 52  5.50668e-05
9. 53  8.19883e-05
10. 54  0.000118699
11. 55  0.000168871
12. 56  0.000234951
13. 57  0.000324282
14. 58  0.00043931
15. 59  0.000589826
16. 60  0.000780724
17. 61  0.00102424
18. 62  0.00132772
19. 63  0.00170829
20. 64  0.00217452
21. 65  0.00274844
22. 66  0.00344351
23. 67  0.00428419
24. 68  0.00528763
25. 69  0.00648686
26. 70  0.00790024
27. 71  0.00956571
28. 72  0.0115077
29. 73  0.0137679
30. 74  0.0163732
31. 75  0.0193725
32. 76  0.0227927
33. 77  0.0266878
34. 78  0.0310882
35. 79  0.0360467
36. 80  0.0415938
37. 81  0.0477869
38. 82  0.0546507
39. 83  0.0622413
40. 84  0.0705821
41. 85  0.0797232
42. 86  0.0896805
43. 87  0.100502
44. 88  0.112189
45. 89  0.124784
46. 90  0.13828
47. 91  0.152703
48. 92  0.168033
49. 93  0.18429
50. 94  0.201435
51. 95  0.219473
52. 96  0.238353
53. 97  0.258064
54. 98  0.278539
55. 99  0.299755
56. 100  0.321629
57. 101  0.344126
58. 102  0.367152
59. 103  0.390657
60. 104  0.414538
61. 105  0.43874
62. 106  0.463149
63. 107  0.487705
64. 108  0.512295
65. 109  0.536851
66. 110  0.56126
67. 111  0.585462
68. 112  0.609343
69. 113  0.632848
70. 114  0.655874
71. 115  0.678371
72. 116  0.700245
73. 117  0.721461
74. 118  0.741936
75. 119  0.761647
76. 120  0.780527
77. 121  0.798565
78. 122  0.81571
79. 123  0.831967
80. 124  0.847297
81. 125  0.86172
82. 126  0.875216
83. 127  0.887811
84. 128  0.899498
85. 129  0.91032
86. 130  0.920277
87. 131  0.929418
88. 132  0.937759
89. 133  0.945349
90. 134  0.952213
91. 135  0.958406
92. 136  0.963953
93. 137  0.968912
94. 138  0.973312
95. 139  0.977207
96. 140  0.980628
97. 141  0.983627
98. 142  0.986232
99. 143  0.988492
100. 144  0.990434
101. 145  0.9921
102. 146  0.993513
103. 147  0.994712
104. 148  0.995716
105. 149  0.996556
106. 150  0.997252
107. 151  0.997825
108. 152  0.998292
109. 153  0.998672
110. 154  0.998976
111. 155  0.999219
112. 156  0.99941
113. 157  0.999561
114. 158  0.999676
115. 159  0.999765
116. 160  0.999831
117. 161  0.999881
118. 162  0.999918
119. 163  0.999945
120. 164  0.999963
121. 165  0.999977
122. 166  0.999985
123. 167  0.999991
124. 168  0.999995
125. 169  0.999998
126. 170  0.999999
127. 171  1

